Determining if the Q_WS_WIN exist failed with the following output:
Change Dir: /home/nvidia/Documents/rm/jetson-inference-master/build/CMakeFiles/CMakeTmp

Run Build Command:"/usr/bin/make" "cmTC_fb834/fast"
/usr/bin/make -f CMakeFiles/cmTC_fb834.dir/build.make CMakeFiles/cmTC_fb834.dir/build
make[1]: Entering directory '/home/nvidia/Documents/rm/jetson-inference-master/build/CMakeFiles/CMakeTmp'
Building CXX object CMakeFiles/cmTC_fb834.dir/CheckSymbolExists.cxx.o
/usr/bin/c++    -I/usr/include/qt4  -std=c++11    -o CMakeFiles/cmTC_fb834.dir/CheckSymbolExists.cxx.o -c /home/nvidia/Documents/rm/jetson-inference-master/build/CMakeFiles/CMakeTmp/CheckSymbolExists.cxx
/home/nvidia/Documents/rm/jetson-inference-master/build/CMakeFiles/CMakeTmp/CheckSymbolExists.cxx: In function ‘int main(int, char**)’:
/home/nvidia/Documents/rm/jetson-inference-master/build/CMakeFiles/CMakeTmp/CheckSymbolExists.cxx:8:19: error: ‘Q_WS_WIN’ was not declared in this scope
   return ((int*)(&Q_WS_WIN))[argc];
                   ^
CMakeFiles/cmTC_fb834.dir/build.make:65: recipe for target 'CMakeFiles/cmTC_fb834.dir/CheckSymbolExists.cxx.o' failed
make[1]: *** [CMakeFiles/cmTC_fb834.dir/CheckSymbolExists.cxx.o] Error 1
make[1]: Leaving directory '/home/nvidia/Documents/rm/jetson-inference-master/build/CMakeFiles/CMakeTmp'
Makefile:126: recipe for target 'cmTC_fb834/fast' failed
make: *** [cmTC_fb834/fast] Error 2

File /home/nvidia/Documents/rm/jetson-inference-master/build/CMakeFiles/CMakeTmp/CheckSymbolExists.cxx:
/* */
#include <QtCore/qglobal.h>

int main(int argc, char** argv)
{
  (void)argv;
#ifndef Q_WS_WIN
  return ((int*)(&Q_WS_WIN))[argc];
#else
  (void)argc;
  return 0;
#endif
}

Determining if the Q_WS_QWS exist failed with the following output:
Change Dir: /home/nvidia/Documents/rm/jetson-inference-master/build/CMakeFiles/CMakeTmp

Run Build Command:"/usr/bin/make" "cmTC_f3955/fast"
/usr/bin/make -f CMakeFiles/cmTC_f3955.dir/build.make CMakeFiles/cmTC_f3955.dir/build
make[1]: Entering directory '/home/nvidia/Documents/rm/jetson-inference-master/build/CMakeFiles/CMakeTmp'
Building CXX object CMakeFiles/cmTC_f3955.dir/CheckSymbolExists.cxx.o
/usr/bin/c++    -I/usr/include/qt4  -std=c++11    -o CMakeFiles/cmTC_f3955.dir/CheckSymbolExists.cxx.o -c /home/nvidia/Documents/rm/jetson-inference-master/build/CMakeFiles/CMakeTmp/CheckSymbolExists.cxx
/home/nvidia/Documents/rm/jetson-inference-master/build/CMakeFiles/CMakeTmp/CheckSymbolExists.cxx: In function ‘int main(int, char**)’:
/home/nvidia/Documents/rm/jetson-inference-master/build/CMakeFiles/CMakeTmp/CheckSymbolExists.cxx:8:19: error: ‘Q_WS_QWS’ was not declared in this scope
   return ((int*)(&Q_WS_QWS))[argc];
                   ^
CMakeFiles/cmTC_f3955.dir/build.make:65: recipe for target 'CMakeFiles/cmTC_f3955.dir/CheckSymbolExists.cxx.o' failed
make[1]: *** [CMakeFiles/cmTC_f3955.dir/CheckSymbolExists.cxx.o] Error 1
make[1]: Leaving directory '/home/nvidia/Documents/rm/jetson-inference-master/build/CMakeFiles/CMakeTmp'
Makefile:126: recipe for target 'cmTC_f3955/fast' failed
make: *** [cmTC_f3955/fast] Error 2

File /home/nvidia/Documents/rm/jetson-inference-master/build/CMakeFiles/CMakeTmp/CheckSymbolExists.cxx:
/* */
#include <QtCore/qglobal.h>

int main(int argc, char** argv)
{
  (void)argv;
#ifndef Q_WS_QWS
  return ((int*)(&Q_WS_QWS))[argc];
#else
  (void)argc;
  return 0;
#endif
}

Determining if the Q_WS_MAC exist failed with the following output:
Change Dir: /home/nvidia/Documents/rm/jetson-inference-master/build/CMakeFiles/CMakeTmp

Run Build Command:"/usr/bin/make" "cmTC_ae95b/fast"
/usr/bin/make -f CMakeFiles/cmTC_ae95b.dir/build.make CMakeFiles/cmTC_ae95b.dir/build
make[1]: Entering directory '/home/nvidia/Documents/rm/jetson-inference-master/build/CMakeFiles/CMakeTmp'
Building CXX object CMakeFiles/cmTC_ae95b.dir/CheckSymbolExists.cxx.o
/usr/bin/c++    -I/usr/include/qt4  -std=c++11    -o CMakeFiles/cmTC_ae95b.dir/CheckSymbolExists.cxx.o -c /home/nvidia/Documents/rm/jetson-inference-master/build/CMakeFiles/CMakeTmp/CheckSymbolExists.cxx
/home/nvidia/Documents/rm/jetson-inference-master/build/CMakeFiles/CMakeTmp/CheckSymbolExists.cxx: In function ‘int main(int, char**)’:
/home/nvidia/Documents/rm/jetson-inference-master/build/CMakeFiles/CMakeTmp/CheckSymbolExists.cxx:8:19: error: ‘Q_WS_MAC’ was not declared in this scope
   return ((int*)(&Q_WS_MAC))[argc];
                   ^
CMakeFiles/cmTC_ae95b.dir/build.make:65: recipe for target 'CMakeFiles/cmTC_ae95b.dir/CheckSymbolExists.cxx.o' failed
make[1]: *** [CMakeFiles/cmTC_ae95b.dir/CheckSymbolExists.cxx.o] Error 1
make[1]: Leaving directory '/home/nvidia/Documents/rm/jetson-inference-master/build/CMakeFiles/CMakeTmp'
Makefile:126: recipe for target 'cmTC_ae95b/fast' failed
make: *** [cmTC_ae95b/fast] Error 2

File /home/nvidia/Documents/rm/jetson-inference-master/build/CMakeFiles/CMakeTmp/CheckSymbolExists.cxx:
/* */
#include <QtCore/qglobal.h>

int main(int argc, char** argv)
{
  (void)argv;
#ifndef Q_WS_MAC
  return ((int*)(&Q_WS_MAC))[argc];
#else
  (void)argc;
  return 0;
#endif
}

Determining if the pthread_create exist failed with the following output:
Change Dir: /home/nvidia/Documents/rm/jetson-inference-master/build/CMakeFiles/CMakeTmp

Run Build Command:"/usr/bin/make" "cmTC_55d9d/fast"
/usr/bin/make -f CMakeFiles/cmTC_55d9d.dir/build.make CMakeFiles/cmTC_55d9d.dir/build
make[1]: Entering directory '/home/nvidia/Documents/rm/jetson-inference-master/build/CMakeFiles/CMakeTmp'
Building C object CMakeFiles/cmTC_55d9d.dir/CheckSymbolExists.c.o
/usr/bin/cc    -fPIC    -o CMakeFiles/cmTC_55d9d.dir/CheckSymbolExists.c.o   -c /home/nvidia/Documents/rm/jetson-inference-master/build/CMakeFiles/CMakeTmp/CheckSymbolExists.c
Linking C executable cmTC_55d9d
/usr/bin/cmake -E cmake_link_script CMakeFiles/cmTC_55d9d.dir/link.txt --verbose=1
/usr/bin/cc  -fPIC     CMakeFiles/cmTC_55d9d.dir/CheckSymbolExists.c.o  -o cmTC_55d9d -rdynamic 
CMakeFiles/cmTC_55d9d.dir/CheckSymbolExists.c.o: In function `main':
CheckSymbolExists.c:(.text+0x14): undefined reference to `pthread_create'
CheckSymbolExists.c:(.text+0x18): undefined reference to `pthread_create'
collect2: error: ld returned 1 exit status
CMakeFiles/cmTC_55d9d.dir/build.make:97: recipe for target 'cmTC_55d9d' failed
make[1]: *** [cmTC_55d9d] Error 1
make[1]: Leaving directory '/home/nvidia/Documents/rm/jetson-inference-master/build/CMakeFiles/CMakeTmp'
Makefile:126: recipe for target 'cmTC_55d9d/fast' failed
make: *** [cmTC_55d9d/fast] Error 2

File /home/nvidia/Documents/rm/jetson-inference-master/build/CMakeFiles/CMakeTmp/CheckSymbolExists.c:
/* */
#include <pthread.h>

int main(int argc, char** argv)
{
  (void)argv;
#ifndef pthread_create
  return ((int*)(&pthread_create))[argc];
#else
  (void)argc;
  return 0;
#endif
}

Determining if the function pthread_create exists in the pthreads failed with the following output:
Change Dir: /home/nvidia/Documents/rm/jetson-inference-master/build/CMakeFiles/CMakeTmp

Run Build Command:"/usr/bin/make" "cmTC_31d3e/fast"
/usr/bin/make -f CMakeFiles/cmTC_31d3e.dir/build.make CMakeFiles/cmTC_31d3e.dir/build
make[1]: Entering directory '/home/nvidia/Documents/rm/jetson-inference-master/build/CMakeFiles/CMakeTmp'
Building C object CMakeFiles/cmTC_31d3e.dir/CheckFunctionExists.c.o
/usr/bin/cc    -fPIC -DCHECK_FUNCTION_EXISTS=pthread_create   -o CMakeFiles/cmTC_31d3e.dir/CheckFunctionExists.c.o   -c /usr/share/cmake-3.5/Modules/CheckFunctionExists.c
Linking C executable cmTC_31d3e
/usr/bin/cmake -E cmake_link_script CMakeFiles/cmTC_31d3e.dir/link.txt --verbose=1
/usr/bin/cc  -fPIC -DCHECK_FUNCTION_EXISTS=pthread_create    CMakeFiles/cmTC_31d3e.dir/CheckFunctionExists.c.o  -o cmTC_31d3e -rdynamic -lpthreads 
/usr/bin/ld: cannot find -lpthreads
collect2: error: ld returned 1 exit status
CMakeFiles/cmTC_31d3e.dir/build.make:97: recipe for target 'cmTC_31d3e' failed
make[1]: *** [cmTC_31d3e] Error 1
make[1]: Leaving directory '/home/nvidia/Documents/rm/jetson-inference-master/build/CMakeFiles/CMakeTmp'
Makefile:126: recipe for target 'cmTC_31d3e/fast' failed
make: *** [cmTC_31d3e/fast] Error 2


